<?xml version="1.0" encoding="UTF-8"?>
<!-- Generated by org.testng.reporters.JUnitReportReporter -->
<testsuite hostname="Hestabits-MacBook-Pro.local" failures="0" tests="1" name="TestCases.TC_001_Fromsearch" time="1.820" errors="0" timestamp="2024-06-09T10:42:44 IST" skipped="0">
  <testcase classname="TestCases.TC_001_Fromsearch" name="setup_fromsearchstation" time="1.820"/>
</testsuite> <!-- TestCases.TC_001_Fromsearch -->
